=========================================================================

  JBoss Bootstrap Environment

  JBOSS_HOME: /opt/SP/apps/wildfly-23.0.0.Final

  JAVA: java

  JAVA_OPTS:  -server -Xms64m -Xmx512m -XX:MetaspaceSize=96M -XX:MaxMetaspaceSize=256m -Djava.net.preferIPv4Stack=true -Djboss.modules.system.pkgs=org.jboss.byteman -Djava.awt.headless=true  --add-exports=java.base/sun.nio.ch=ALL-UNNAMED --add-exports=jdk.unsupported/sun.misc=ALL-UNNAMED --add-exports=jdk.unsupported/sun.reflect=ALL-UNNAMED

=========================================================================

[0m19:59:19,582 INFO  [org.jboss.modules] (main) JBoss Modules version 1.11.0.Final
[0m[0m19:59:20,716 INFO  [org.jboss.msc] (main) JBoss MSC version 1.4.12.Final
[0m[0m19:59:20,735 INFO  [org.jboss.threads] (main) JBoss Threads version 2.4.0.Final
[0m[0m19:59:20,988 INFO  [org.jboss.as] (MSC service thread 1-1) WFLYSRV0049: WildFly Full 23.0.0.Final (WildFly Core 15.0.0.Final) starting
[0m[0m19:59:22,826 INFO  [org.wildfly.security] (ServerService Thread Pool -- 28) ELY00001: WildFly Elytron version 1.15.1.Final
[0m[33m19:59:23,425 WARN  [org.jboss.as.controller.management-deprecated] (ServerService Thread Pool -- 27) WFLYCTL0033: Extension 'security' is deprecated and may not be supported in future versions
[0m[0m19:59:23,968 INFO  [org.jboss.as.controller.management-deprecated] (Controller Boot Thread) WFLYCTL0028: Attribute 'security-realm' in the resource at address '/core-service=management/management-interface=http-interface' is deprecated, and may be removed in a future version. See the attribute description in the output of the read-resource-description operation to learn more about the deprecation.
[0m[0m19:59:24,005 INFO  [org.jboss.as.controller.management-deprecated] (ServerService Thread Pool -- 9) WFLYCTL0028: Attribute 'security-realm' in the resource at address '/subsystem=undertow/server=default-server/https-listener=https' is deprecated, and may be removed in a future version. See the attribute description in the output of the read-resource-description operation to learn more about the deprecation.
[0m[0m19:59:24,111 INFO  [org.jboss.as.repository] (ServerService Thread Pool -- 10) WFLYDR0001: Content added at location /opt/SP/apps/wildfly-23.0.0.Final/standalone/data/content/c0/c0603bb6998802ab285a614e393eae2e3b2ba3/content
[0m[0m19:59:24,375 INFO  [org.jboss.as.server] (Controller Boot Thread) WFLYSRV0039: Creating http management service using socket-binding (management-http)
[0m[0m19:59:24,484 INFO  [org.xnio] (MSC service thread 1-1) XNIO version 3.8.4.Final
[0m[0m19:59:24,492 INFO  [org.xnio.nio] (MSC service thread 1-1) XNIO NIO Implementation Version 3.8.4.Final
[0m[0m19:59:24,617 INFO  [org.jboss.remoting] (MSC service thread 1-5) JBoss Remoting version 5.0.20.Final
[0m[0m19:59:24,684 INFO  [org.jboss.as.naming] (ServerService Thread Pool -- 66) WFLYNAM0001: Activating Naming Subsystem
[0m[0m19:59:24,747 INFO  [org.wildfly.extension.microprofile.opentracing] (ServerService Thread Pool -- 65) WFLYTRACEXT0001: Activating MicroProfile OpenTracing Subsystem
[0m[0m19:59:24,712 INFO  [org.jboss.as.jsf] (ServerService Thread Pool -- 60) WFLYJSF0007: Activated the following Jakarta Server Faces Implementations: [main]
[0m[0m19:59:24,755 INFO  [org.wildfly.extension.microprofile.jwt.smallrye._private] (ServerService Thread Pool -- 64) WFLYJWT0001: Activating WildFly MicroProfile JWT Subsystem
[0m[33m19:59:24,755 WARN  [org.jboss.as.txn] (ServerService Thread Pool -- 74) WFLYTX0013: The node-identifier attribute on the /subsystem=transactions is set to the default value. This is a danger for environments running multiple servers. Please make sure the attribute value is unique.
[0m[0m19:59:24,759 INFO  [org.wildfly.extension.microprofile.config.smallrye._private] (ServerService Thread Pool -- 63) WFLYCONF0001: Activating WildFly MicroProfile Config Subsystem
[0m[0m19:59:24,764 INFO  [org.jboss.as.clustering.infinispan] (ServerService Thread Pool -- 53) WFLYCLINF0001: Activating Infinispan subsystem.
[0m[0m19:59:24,770 INFO  [org.jboss.as.security] (ServerService Thread Pool -- 72) WFLYSEC0002: Activating Security Subsystem
[0m[0m19:59:24,779 INFO  [org.wildfly.extension.metrics] (ServerService Thread Pool -- 62) WFLYMETRICS0001: Activating Base Metrics Subsystem
[0m[0m19:59:24,794 INFO  [org.wildfly.extension.io] (ServerService Thread Pool -- 54) WFLYIO001: Worker 'default' has auto-configured to 6 IO threads with 48 max task threads based on your 3 available processors
[0m[0m19:59:24,796 INFO  [org.wildfly.extension.health] (ServerService Thread Pool -- 52) WFLYHEALTH0001: Activating Base Health Subsystem
[0m[0m19:59:24,824 INFO  [org.jboss.as.webservices] (ServerService Thread Pool -- 76) WFLYWS0002: Activating WebServices Extension
[0m[0m19:59:24,854 INFO  [org.jboss.as.connector] (MSC service thread 1-5) WFLYJCA0009: Starting Jakarta Connectors Subsystem (WildFly/IronJacamar 1.4.27.Final)
[0m[0m19:59:24,877 INFO  [org.jboss.as.security] (MSC service thread 1-2) WFLYSEC0001: Current PicketBox version=5.0.3.Final-redhat-00007
[0m[0m19:59:24,892 INFO  [org.jboss.as.jaxrs] (ServerService Thread Pool -- 55) WFLYRS0016: RESTEasy version 3.15.1.Final
[0m[0m19:59:24,904 INFO  [org.jboss.as.connector.subsystems.datasources] (ServerService Thread Pool -- 44) WFLYJCA0004: Deploying JDBC-compliant driver class org.h2.Driver (version 1.4)
[0m[0m19:59:25,049 INFO  [org.jboss.as.connector.deployers.jdbc] (MSC service thread 1-5) WFLYJCA0018: Started Driver service with driver-name = h2
[0m[0m19:59:25,055 INFO  [org.wildfly.extension.undertow] (MSC service thread 1-5) WFLYUT0003: Undertow 2.2.5.Final starting
[0m[0m19:59:25,116 INFO  [org.jboss.as.ejb3] (MSC service thread 1-6) WFLYEJB0481: Strict pool slsb-strict-max-pool is using a max instance size of 48 (per class), which is derived from thread worker pool sizing.
[0m[0m19:59:25,124 INFO  [org.jboss.as.naming] (MSC service thread 1-6) WFLYNAM0003: Starting Naming Service
[0m[0m19:59:25,125 INFO  [org.jboss.as.ejb3] (MSC service thread 1-5) WFLYEJB0482: Strict pool mdb-strict-max-pool is using a max instance size of 12 (per class), which is derived from the number of CPUs on this host.
[0m[0m19:59:25,198 INFO  [org.jboss.as.mail.extension] (MSC service thread 1-6) WFLYMAIL0001: Bound mail session [java:jboss/mail/Default]
[0m[0m19:59:25,380 INFO  [org.wildfly.extension.undertow] (ServerService Thread Pool -- 75) WFLYUT0014: Creating file handler for path '/opt/SP/apps/wildfly-23.0.0.Final/welcome-content' with options [directory-listing: 'false', follow-symlink: 'false', case-sensitive: 'true', safe-symlink-paths: '[]']
[0m[0m19:59:25,524 INFO  [org.wildfly.extension.undertow] (MSC service thread 1-3) WFLYUT0012: Started server default-server.
[0m[33m19:59:25,535 WARN  [org.wildfly.extension.elytron] (MSC service thread 1-5) WFLYELY00023: KeyStore file '/opt/SP/apps/wildfly-23.0.0.Final/standalone/configuration/application.keystore' does not exist. Used blank.
[0m[0m19:59:25,568 INFO  [org.wildfly.extension.undertow] (MSC service thread 1-6) Queuing requests.
[0m[0m19:59:25,568 INFO  [org.wildfly.extension.undertow] (MSC service thread 1-6) WFLYUT0018: Host default-host starting
[0m[33m19:59:25,602 WARN  [org.wildfly.extension.elytron] (MSC service thread 1-3) WFLYELY01084: KeyStore /opt/SP/apps/wildfly-23.0.0.Final/standalone/configuration/application.keystore not found, it will be auto generated on first use with a self-signed certificate for host localhost
[0mWARNING: An illegal reflective access operation has occurred
WARNING: Illegal reflective access by org.wildfly.extension.elytron.SSLDefinitions (jar:file:/opt/SP/apps/wildfly-23.0.0.Final/modules/system/layers/base/org/wildfly/extension/elytron/main/wildfly-elytron-integration-15.0.0.Final.jar!/) to method com.sun.net.ssl.internal.ssl.Provider.isFIPS()
WARNING: Please consider reporting this to the maintainers of org.wildfly.extension.elytron.SSLDefinitions
WARNING: Use --illegal-access=warn to enable warnings of further illegal reflective access operations
WARNING: All illegal access operations will be denied in a future release
[0m19:59:26,471 INFO  [org.wildfly.extension.undertow] (MSC service thread 1-6) WFLYUT0006: Undertow HTTP listener default listening on 127.0.0.1:8080
[0m[0m19:59:26,615 INFO  [org.jboss.as.ejb3] (MSC service thread 1-6) WFLYEJB0493: Jakarta Enterprise Beans subsystem suspension complete
[0m[0m19:59:26,790 INFO  [org.jboss.as.connector.subsystems.datasources] (MSC service thread 1-2) WFLYJCA0001: Bound data source [java:jboss/datasources/ExampleDS]
[0m[0m19:59:26,827 INFO  [org.jboss.as.patching] (MSC service thread 1-2) WFLYPAT0050: WildFly Full cumulative patch ID is: base, one-off patches include: none
[0m[33m19:59:26,872 WARN  [org.jboss.as.domain.management.security] (MSC service thread 1-1) WFLYDM0111: Keystore /opt/SP/apps/wildfly-23.0.0.Final/standalone/configuration/application.keystore not found, it will be auto generated on first use with a self signed certificate for host localhost
[0m[0m19:59:26,887 INFO  [org.jboss.as.server.deployment.scanner] (MSC service thread 1-5) WFLYDS0013: Started FileSystemDeploymentService for directory /opt/SP/apps/wildfly-23.0.0.Final/standalone/deployments
[0m[0m19:59:26,908 INFO  [org.jboss.as.server.deployment] (MSC service thread 1-6) WFLYSRV0027: Starting deployment of "HelloWorld.war" (runtime-name: "HelloWorld.war")
[0m[0m19:59:27,159 INFO  [org.wildfly.extension.undertow] (MSC service thread 1-3) WFLYUT0006: Undertow HTTPS listener https listening on 127.0.0.1:8443
[0m[0m19:59:27,255 INFO  [org.jboss.ws.common.management] (MSC service thread 1-2) JBWS022052: Starting JBossWS 5.4.2.Final (Apache CXF 3.3.9) 
[0m[0m19:59:28,776 INFO  [org.infinispan.CONTAINER] (ServerService Thread Pool -- 78) ISPN000128: Infinispan version: Infinispan 'Corona Extra' 11.0.9.Final
[0m[0m19:59:28,866 INFO  [org.infinispan.CONFIG] (MSC service thread 1-2) ISPN000152: Passivation configured without an eviction policy being selected. Only manually evicted entities will be passivated.
[0m[0m19:59:28,869 INFO  [org.infinispan.CONFIG] (MSC service thread 1-2) ISPN000152: Passivation configured without an eviction policy being selected. Only manually evicted entities will be passivated.
[0m[0m19:59:28,968 INFO  [org.infinispan.PERSISTENCE] (ServerService Thread Pool -- 78) ISPN000556: Starting user marshaller 'org.wildfly.clustering.infinispan.spi.marshalling.InfinispanProtoStreamMarshaller'
[0m[0m19:59:29,215 INFO  [org.jboss.as.clustering.infinispan] (ServerService Thread Pool -- 78) WFLYCLINF0002: Started http-remoting-connector cache from ejb container
[0m[0m19:59:29,401 INFO  [org.wildfly.extension.undertow] (ServerService Thread Pool -- 79) WFLYUT0021: Registered web context: '/HelloWorld' for server 'default-server'
[0m[0m19:59:29,484 INFO  [org.jboss.as.server] (ServerService Thread Pool -- 45) WFLYSRV0010: Deployed "HelloWorld.war" (runtime-name : "HelloWorld.war")
[0m[0m19:59:29,588 INFO  [org.jboss.as.server] (Controller Boot Thread) WFLYSRV0212: Resuming server
[0m[0m19:59:29,600 INFO  [org.jboss.as] (Controller Boot Thread) WFLYSRV0025: WildFly Full 23.0.0.Final (WildFly Core 15.0.0.Final) started in 10928ms - Started 420 of 622 services (349 services are lazy, passive or on-demand)
[0m[0m19:59:29,602 INFO  [org.jboss.as] (Controller Boot Thread) WFLYSRV0060: Http management interface listening on http://127.0.0.1:9990/management
[0m[0m19:59:29,602 INFO  [org.jboss.as] (Controller Boot Thread) WFLYSRV0051: Admin console listening on http://127.0.0.1:9990
[0m[0m20:01:00,298 INFO  [org.wildfly.extension.undertow] (ServerService Thread Pool -- 79) WFLYUT0022: Unregistered web context: '/HelloWorld' from server 'default-server'
[0m[0m20:01:00,957 INFO  [org.jboss.as.server.deployment] (MSC service thread 1-5) WFLYSRV0028: Stopped deployment HelloWorld.war (runtime-name: HelloWorld.war) in 688ms
[0m[0m20:01:00,994 INFO  [org.jboss.as.server.deployment] (MSC service thread 1-6) WFLYSRV0027: Starting deployment of "HelloWorld.war" (runtime-name: "HelloWorld.war")
[0m[0m20:01:01,566 INFO  [org.wildfly.extension.undertow] (ServerService Thread Pool -- 79) WFLYUT0021: Registered web context: '/HelloWorld' for server 'default-server'
[0m[0m20:01:01,863 INFO  [org.jboss.as.server] (DeploymentScanner-threads - 2) WFLYSRV0016: Replaced deployment "HelloWorld.war" with deployment "HelloWorld.war"
[0m[0m20:01:24,532 INFO  [org.jboss.as.server] (Thread-1) WFLYSRV0272: Suspending server
[0m[0m20:01:24,554 INFO  [org.jboss.as.ejb3] (Thread-1) WFLYEJB0493: Jakarta Enterprise Beans subsystem suspension complete
[0m[0m20:01:24,794 INFO  [org.jboss.as.server] (Thread-1) WFLYSRV0220: Server shutdown has been requested via an OS signal
[0m[0m20:01:24,931 INFO  [org.wildfly.extension.undertow] (ServerService Thread Pool -- 79) WFLYUT0022: Unregistered web context: '/HelloWorld' from server 'default-server'
[0m[0m20:01:25,691 INFO  [org.jboss.as.mail.extension] (MSC service thread 1-1) WFLYMAIL0002: Unbound mail session [java:jboss/mail/Default]
[0m[0m20:01:25,710 INFO  [org.wildfly.extension.undertow] (MSC service thread 1-5) WFLYUT0019: Host default-host stopping
[0m[0m20:01:25,738 INFO  [org.jboss.as.connector.subsystems.datasources] (MSC service thread 1-5) WFLYJCA0010: Unbound data source [java:jboss/datasources/ExampleDS]
[0m[0m20:01:25,792 INFO  [org.jboss.as.connector.deployers.jdbc] (MSC service thread 1-2) WFLYJCA0019: Stopped Driver service with driver-name = h2
[0m[0m20:01:26,170 INFO  [org.wildfly.extension.undertow] (MSC service thread 1-1) WFLYUT0008: Undertow HTTPS listener https suspending
[0m[0m20:01:26,174 INFO  [org.jboss.as.server.deployment] (MSC service thread 1-2) WFLYSRV0028: Stopped deployment HelloWorld.war (runtime-name: HelloWorld.war) in 1234ms
[0m[0m20:01:26,175 INFO  [org.wildfly.extension.undertow] (MSC service thread 1-1) WFLYUT0007: Undertow HTTPS listener https stopped, was bound to 127.0.0.1:8443
[0m[0m20:01:26,212 INFO  [org.wildfly.extension.undertow] (MSC service thread 1-5) WFLYUT0008: Undertow HTTP listener default suspending
[0m[0m20:01:26,214 INFO  [org.wildfly.extension.undertow] (MSC service thread 1-5) WFLYUT0007: Undertow HTTP listener default stopped, was bound to 127.0.0.1:8080
[0m[0m20:01:26,220 INFO  [org.wildfly.extension.undertow] (MSC service thread 1-2) WFLYUT0004: Undertow 2.2.5.Final stopping
[0m[0m20:01:26,354 INFO  [org.jboss.as.clustering.infinispan] (ServerService Thread Pool -- 83) WFLYCLINF0003: Stopped http-remoting-connector cache from ejb container
[0m[0m20:01:26,360 INFO  [org.infinispan.manager.DefaultCacheManager] (ServerService Thread Pool -- 83) Stopping cache manager null on null
[0m[0m20:01:26,378 INFO  [org.jboss.as] (MSC service thread 1-1) WFLYSRV0050: WildFly Full 23.0.0.Final (WildFly Core 15.0.0.Final) stopped in 1436ms
[0m